<?xml version="1.0" encoding="UTF-8"?>
<robot generator="Robot 4.0.1 (Python 3.8.5 on darwin)" generated="20210428 01:07:24.365" rpa="false" schemaversion="2">
<suite id="s1" name="LoginTest" source="/Users/kraken/Documents/GitHub/inspera/tests/LoginTest.robot">
<kw name="Begin Web Test" library="CommonConfig" type="SETUP">
<kw name="Open Browser" library="SeleniumLibrary">
<arg>about:blank</arg>
<arg>${BROWSER}</arg>
<doc>Opens a new browser instance to the optional ``url``.</doc>
<msg timestamp="20210428 01:07:24.681" level="INFO">Opening browser 'chrome' to base url 'about:blank'.</msg>
<status status="PASS" starttime="20210428 01:07:24.681" endtime="20210428 01:07:27.669"/>
</kw>
<kw name="Maximize Browser Window" library="SeleniumLibrary">
<doc>Maximizes current browser window.</doc>
<status status="PASS" starttime="20210428 01:07:27.670" endtime="20210428 01:07:27.802"/>
</kw>
<status status="PASS" starttime="20210428 01:07:24.679" endtime="20210428 01:07:27.803"/>
</kw>
<test id="s1-t1" name="Login with correct entry">
<kw name="Login with valid user and password" library="LoginPage">
<doc>Check if the user can login with valid inputs and change the language option</doc>
<kw name="Go To" library="SeleniumLibrary">
<arg>${URL}</arg>
<doc>Navigates the current browser window to the provided ``url``.</doc>
<msg timestamp="20210428 01:07:27.805" level="INFO">Opening url 'https://demo.inspera.no/'</msg>
<status status="PASS" starttime="20210428 01:07:27.805" endtime="20210428 01:07:28.623"/>
</kw>
<kw name="Select Element" library="BaseLogic">
<arg>${REGISTERED_USER}</arg>
<doc>Keyword responsible for the click function on an element and waiting for the element to be visible.</doc>
<kw name="Wait Until Element Is Visible" library="SeleniumLibrary">
<arg>${locator}</arg>
<doc>Waits until the element ``locator`` is visible.</doc>
<status status="PASS" starttime="20210428 01:07:28.624" endtime="20210428 01:07:28.857"/>
</kw>
<kw name="Click Element" library="SeleniumLibrary">
<arg>${locator}</arg>
<doc>Click the element identified by ``locator``.</doc>
<msg timestamp="20210428 01:07:28.858" level="INFO">Clicking element 'id=loginWithLocalUserTrigger'.</msg>
<status status="PASS" starttime="20210428 01:07:28.858" endtime="20210428 01:07:28.984"/>
</kw>
<status status="PASS" starttime="20210428 01:07:28.623" endtime="20210428 01:07:28.985"/>
</kw>
<kw name="Insert User" library="BaseLogic">
<arg>${USERNAME}</arg>
<arg>${76260190}</arg>
<doc>Keyword responsible for input a user on an element and waiting for the element to be visible.</doc>
<kw name="Wait Until Element Is Visible" library="SeleniumLibrary">
<arg>${locator}</arg>
<doc>Waits until the element ``locator`` is visible.</doc>
<status status="PASS" starttime="20210428 01:07:28.988" endtime="20210428 01:07:29.014"/>
</kw>
<kw name="Input Text" library="SeleniumLibrary">
<arg>${locator}</arg>
<arg>${user}</arg>
<doc>Types the given ``text`` into the text field identified by ``locator``.</doc>
<msg timestamp="20210428 01:07:29.015" level="INFO">Typing text '76260190' into text field 'css=.input.userName.form-control'.</msg>
<status status="PASS" starttime="20210428 01:07:29.015" endtime="20210428 01:07:29.125"/>
</kw>
<status status="PASS" starttime="20210428 01:07:28.985" endtime="20210428 01:07:29.126"/>
</kw>
<kw name="Insert Pass" library="BaseLogic">
<arg>${PASSWORD}</arg>
<arg>mxet</arg>
<doc>Keyword responsible for input a pass on an element and waiting for the element to be visible.</doc>
<kw name="Wait Until Element Is Visible" library="SeleniumLibrary">
<arg>${locator}</arg>
<doc>Waits until the element ``locator`` is visible.</doc>
<status status="PASS" starttime="20210428 01:07:29.127" endtime="20210428 01:07:29.147"/>
</kw>
<kw name="Input Text" library="SeleniumLibrary">
<arg>${locator}</arg>
<arg>${pass}</arg>
<doc>Types the given ``text`` into the text field identified by ``locator``.</doc>
<msg timestamp="20210428 01:07:29.147" level="INFO">Typing text 'mxet' into text field 'css=.input.password.form-control.show-pw'.</msg>
<status status="PASS" starttime="20210428 01:07:29.147" endtime="20210428 01:07:29.217"/>
</kw>
<status status="PASS" starttime="20210428 01:07:29.126" endtime="20210428 01:07:29.218"/>
</kw>
<kw name="Dropdown by Value" library="BaseLogic">
<arg>${DROP_LANGUAGE}</arg>
<arg>${LANGUAGE}</arg>
<doc>Keyword responsible for the selection of an option in a dropdown list</doc>
<kw name="Wait Until Element Is Visible" library="SeleniumLibrary">
<arg>${locator}</arg>
<doc>Waits until the element ``locator`` is visible.</doc>
<status status="PASS" starttime="20210428 01:07:29.218" endtime="20210428 01:07:29.233"/>
</kw>
<kw name="Select From List By Value" library="SeleniumLibrary">
<arg>${locator}</arg>
<arg>${value}</arg>
<doc>Selects options from selection list ``locator`` by ``values``.</doc>
<msg timestamp="20210428 01:07:29.234" level="INFO">Selecting options from selection list 'id=languageIdSelect' by value en_us.</msg>
<status status="PASS" starttime="20210428 01:07:29.234" endtime="20210428 01:07:29.308"/>
</kw>
<status status="PASS" starttime="20210428 01:07:29.218" endtime="20210428 01:07:29.308"/>
</kw>
<kw name="Click Button" library="SeleniumLibrary">
<arg>${LOGIN_BUTTON}</arg>
<doc>Clicks the button identified by ``locator``.</doc>
<msg timestamp="20210428 01:07:29.309" level="INFO">Clicking button 'css=.btn.btn-primary.login-btn'.</msg>
<status status="PASS" starttime="20210428 01:07:29.308" endtime="20210428 01:07:29.371"/>
</kw>
<status status="PASS" starttime="20210428 01:07:27.804" endtime="20210428 01:07:29.371"/>
</kw>
<kw name="Check if the user logged to the expected account" library="LoginPage">
<kw name="Validate Page Content" library="BaseLogic">
<arg>${USER_ID}</arg>
<arg>blabla</arg>
<doc>Keyword responsible for check string content in the page</doc>
<kw name="Wait Until Element Is Visible" library="SeleniumLibrary">
<arg>${locator}</arg>
<doc>Waits until the element ``locator`` is visible.</doc>
<status status="PASS" starttime="20210428 01:07:29.373" endtime="20210428 01:07:30.495"/>
</kw>
<kw name="Get Text" library="SeleniumLibrary">
<var>${ElementText}</var>
<arg>${locator}</arg>
<doc>Returns the text value of the element identified by ``locator``.</doc>
<msg timestamp="20210428 01:07:30.508" level="INFO">${ElementText} = 0071</msg>
<status status="PASS" starttime="20210428 01:07:30.495" endtime="20210428 01:07:30.508"/>
</kw>
<kw name="Should Contain" library="BuiltIn">
<arg>${ElementText}</arg>
<arg>${string}</arg>
<arg>ignore_case=true</arg>
<doc>Fails if ``container`` does not contain ``item`` one or more times.</doc>
<msg timestamp="20210428 01:07:30.509" level="FAIL">'0071' does not contain 'blabla'</msg>
<status status="FAIL" starttime="20210428 01:07:30.508" endtime="20210428 01:07:30.509"/>
</kw>
<status status="FAIL" starttime="20210428 01:07:29.372" endtime="20210428 01:07:30.509"/>
</kw>
<status status="FAIL" starttime="20210428 01:07:29.372" endtime="20210428 01:07:30.509"/>
</kw>
<status status="FAIL" starttime="20210428 01:07:27.803" endtime="20210428 01:07:30.509">'0071' does not contain 'blabla'</status>
</test>
<test id="s1-t2" name="Assessment Test">
<kw name="Start Assessment" library="Assessment">
<doc>Keyword responsible for start the assessment test flow</doc>
<kw name="Select Element" library="BaseLogic">
<arg>${START_ASSESSMENT}</arg>
<doc>Keyword responsible for the click function on an element and waiting for the element to be visible.</doc>
<kw name="Wait Until Element Is Visible" library="SeleniumLibrary">
<arg>${locator}</arg>
<doc>Waits until the element ``locator`` is visible.</doc>
<status status="PASS" starttime="20210428 01:07:30.512" endtime="20210428 01:07:30.529"/>
</kw>
<kw name="Click Element" library="SeleniumLibrary">
<arg>${locator}</arg>
<doc>Click the element identified by ``locator``.</doc>
<msg timestamp="20210428 01:07:30.529" level="INFO">Clicking element 'css=.btn.btn-primary.startExam'.</msg>
<status status="PASS" starttime="20210428 01:07:30.529" endtime="20210428 01:07:31.039"/>
</kw>
<status status="PASS" starttime="20210428 01:07:30.512" endtime="20210428 01:07:31.039"/>
</kw>
<status status="PASS" starttime="20210428 01:07:30.511" endtime="20210428 01:07:31.039"/>
</kw>
<kw name="Verify if the assessment has started" library="Assessment">
<doc>Keyword to check if the assessment started</doc>
<kw name="Validate Page Content" library="BaseLogic">
<arg>${HEADER_ASSESSMENT}</arg>
<arg>0071</arg>
<doc>Keyword responsible for check string content in the page</doc>
<kw name="Wait Until Element Is Visible" library="SeleniumLibrary">
<arg>${locator}</arg>
<doc>Waits until the element ``locator`` is visible.</doc>
<status status="PASS" starttime="20210428 01:07:31.040" endtime="20210428 01:07:31.596"/>
</kw>
<kw name="Get Text" library="SeleniumLibrary">
<var>${ElementText}</var>
<arg>${locator}</arg>
<doc>Returns the text value of the element identified by ``locator``.</doc>
<msg timestamp="20210428 01:07:31.615" level="INFO">${ElementText} = 0071 ANONYMOUS USER</msg>
<status status="PASS" starttime="20210428 01:07:31.596" endtime="20210428 01:07:31.615"/>
</kw>
<kw name="Should Contain" library="BuiltIn">
<arg>${ElementText}</arg>
<arg>${string}</arg>
<arg>ignore_case=true</arg>
<doc>Fails if ``container`` does not contain ``item`` one or more times.</doc>
<status status="PASS" starttime="20210428 01:07:31.615" endtime="20210428 01:07:31.616"/>
</kw>
<status status="PASS" starttime="20210428 01:07:31.040" endtime="20210428 01:07:31.616"/>
</kw>
<status status="PASS" starttime="20210428 01:07:31.039" endtime="20210428 01:07:31.616"/>
</kw>
<kw name="Select answer for question 1" library="Assessment">
<kw name="Select Element" library="BaseLogic">
<arg>${RADIO_QUESTION_1}</arg>
<doc>Keyword responsible for the click function on an element and waiting for the element to be visible.</doc>
<kw name="Wait Until Element Is Visible" library="SeleniumLibrary">
<arg>${locator}</arg>
<doc>Waits until the element ``locator`` is visible.</doc>
<status status="PASS" starttime="20210428 01:07:31.617" endtime="20210428 01:07:31.634"/>
</kw>
<kw name="Click Element" library="SeleniumLibrary">
<arg>${locator}</arg>
<doc>Click the element identified by ``locator``.</doc>
<msg timestamp="20210428 01:07:31.635" level="INFO">Clicking element 'xpath=//span[text()='Rationalization']'.</msg>
<status status="PASS" starttime="20210428 01:07:31.634" endtime="20210428 01:07:31.672"/>
</kw>
<status status="PASS" starttime="20210428 01:07:31.616" endtime="20210428 01:07:31.672"/>
</kw>
<status status="PASS" starttime="20210428 01:07:31.616" endtime="20210428 01:07:31.672"/>
</kw>
<status status="PASS" starttime="20210428 01:07:30.510" endtime="20210428 01:07:31.673"/>
</test>
<status status="FAIL" starttime="20210428 01:07:24.366" endtime="20210428 01:07:31.674"/>
</suite>
<statistics>
<total>
<stat pass="1" fail="1" skip="0">All Tests</stat>
</total>
<tag>
</tag>
<suite>
<stat pass="1" fail="1" skip="0" id="s1" name="LoginTest">LoginTest</stat>
</suite>
</statistics>
<errors>
</errors>
</robot>
