<?xml version="1.0" encoding="UTF-8"?>
<robot generator="Robot 4.0.1 (Python 3.8.5 on darwin)" generated="20210430 10:06:49.333" rpa="false" schemaversion="2">
<suite id="s1" name="Full Flow Test" source="/Users/kraken/Documents/GitHub/inspera/tests/Full_Flow_Test.robot">
<kw name="Begin Web Test" library="CommonConfig" type="SETUP">
<kw name="Open Browser" library="SeleniumLibrary">
<arg>about:blank</arg>
<arg>${BROWSER}</arg>
<doc>Opens a new browser instance to the optional ``url``.</doc>
<msg timestamp="20210430 10:06:49.696" level="INFO">Opening browser 'chrome' to base url 'about:blank'.</msg>
<status status="PASS" starttime="20210430 10:06:49.696" endtime="20210430 10:06:52.593"/>
</kw>
<kw name="Maximize Browser Window" library="SeleniumLibrary">
<doc>Maximizes current browser window.</doc>
<status status="PASS" starttime="20210430 10:06:52.593" endtime="20210430 10:06:52.714"/>
</kw>
<status status="PASS" starttime="20210430 10:06:49.695" endtime="20210430 10:06:52.714"/>
</kw>
<test id="s1-t1" name="Login with correct entry">
<kw name="Navigates To" library="LoginPage">
<doc>Leads the test to the desired page and initialize the RbotEyes library</doc>
<kw name="Go To" library="SeleniumLibrary">
<arg>${URL}</arg>
<doc>Navigates the current browser window to the provided ``url``.</doc>
<msg timestamp="20210430 10:06:52.716" level="INFO">Opening url 'https://demo.inspera.no/'</msg>
<status status="PASS" starttime="20210430 10:06:52.716" endtime="20210430 10:06:53.534"/>
</kw>
<kw name="Open Eyes" library="RobotEyes">
<arg>SeleniumLibrary</arg>
<arg>${PRECISION_IMAGE}</arg>
<msg timestamp="20210430 10:06:53.542" level="INFO">roboteyestestfolder: Login_with_correct_entry</msg>
<status status="PASS" starttime="20210430 10:06:53.534" endtime="20210430 10:06:53.542"/>
</kw>
<status status="PASS" starttime="20210430 10:06:52.716" endtime="20210430 10:06:53.542"/>
</kw>
<kw name="Login with valid user and password" library="LoginPage">
<doc>Check if the user can login with valid inputs and change the language option</doc>
<kw name="Select Element" library="BaseLogic">
<arg>${REGISTERED_USER}</arg>
<doc>Keyword responsible for the click function on an element and waiting for the element to be visible.</doc>
<kw name="Wait Until Element Is Visible" library="SeleniumLibrary">
<arg>${locator}</arg>
<doc>Waits until the element ``locator`` is visible.</doc>
<status status="PASS" starttime="20210430 10:06:53.545" endtime="20210430 10:06:53.782"/>
</kw>
<kw name="Click Element" library="SeleniumLibrary">
<arg>${locator}</arg>
<doc>Click the element identified by ``locator``.</doc>
<msg timestamp="20210430 10:06:53.782" level="INFO">Clicking element 'id=loginWithLocalUserTrigger'.</msg>
<status status="PASS" starttime="20210430 10:06:53.782" endtime="20210430 10:06:53.894"/>
</kw>
<status status="PASS" starttime="20210430 10:06:53.544" endtime="20210430 10:06:53.894"/>
</kw>
<kw name="Insert User" library="BaseLogic">
<arg>${USERNAME}</arg>
<arg>${login_id}</arg>
<doc>Keyword responsible for input a user on an element and waiting for the element to be visible.</doc>
<kw name="Wait Until Element Is Visible" library="SeleniumLibrary">
<arg>${locator}</arg>
<doc>Waits until the element ``locator`` is visible.</doc>
<status status="PASS" starttime="20210430 10:06:53.895" endtime="20210430 10:06:53.915"/>
</kw>
<kw name="Input Text" library="SeleniumLibrary">
<arg>${locator}</arg>
<arg>${user}</arg>
<doc>Types the given ``text`` into the text field identified by ``locator``.</doc>
<msg timestamp="20210430 10:06:53.916" level="INFO">Typing text '76260211' into text field 'css=.input.userName.form-control'.</msg>
<status status="PASS" starttime="20210430 10:06:53.915" endtime="20210430 10:06:54.024"/>
</kw>
<status status="PASS" starttime="20210430 10:06:53.894" endtime="20210430 10:06:54.024"/>
</kw>
<kw name="Insert Pass" library="BaseLogic">
<arg>${PASSWORD}</arg>
<arg>${pass}</arg>
<doc>Keyword responsible for input a pass on an element and waiting for the element to be visible.</doc>
<kw name="Wait Until Element Is Visible" library="SeleniumLibrary">
<arg>${locator}</arg>
<doc>Waits until the element ``locator`` is visible.</doc>
<status status="PASS" starttime="20210430 10:06:54.025" endtime="20210430 10:06:54.042"/>
</kw>
<kw name="Input Text" library="SeleniumLibrary">
<arg>${locator}</arg>
<arg>${pass}</arg>
<doc>Types the given ``text`` into the text field identified by ``locator``.</doc>
<msg timestamp="20210430 10:06:54.043" level="INFO">Typing text 'hm87' into text field 'css=.input.password.form-control.show-pw'.</msg>
<status status="PASS" starttime="20210430 10:06:54.043" endtime="20210430 10:06:54.111"/>
</kw>
<status status="PASS" starttime="20210430 10:06:54.025" endtime="20210430 10:06:54.111"/>
</kw>
<kw name="Dropdown List by Value" library="BaseLogic">
<arg>${DROP_LANGUAGE}</arg>
<arg>${LANGUAGE}</arg>
<doc>Keyword responsible for the selection of an option in a dropdown list</doc>
<kw name="Wait Until Element Is Visible" library="SeleniumLibrary">
<arg>${locator}</arg>
<doc>Waits until the element ``locator`` is visible.</doc>
<status status="PASS" starttime="20210430 10:06:54.112" endtime="20210430 10:06:54.128"/>
</kw>
<kw name="Select From List By Value" library="SeleniumLibrary">
<arg>${locator}</arg>
<arg>${value}</arg>
<doc>Selects options from selection list ``locator`` by ``values``.</doc>
<msg timestamp="20210430 10:06:54.129" level="INFO">Selecting options from selection list 'id=languageIdSelect' by value en_us.</msg>
<status status="PASS" starttime="20210430 10:06:54.128" endtime="20210430 10:06:54.206"/>
</kw>
<status status="PASS" starttime="20210430 10:06:54.111" endtime="20210430 10:06:54.206"/>
</kw>
<kw name="Click Button" library="SeleniumLibrary">
<arg>${LOGIN_BUTTON}</arg>
<doc>Clicks the button identified by ``locator``.</doc>
<msg timestamp="20210430 10:06:54.207" level="INFO">Clicking button 'css=.btn.btn-primary.login-btn'.</msg>
<status status="PASS" starttime="20210430 10:06:54.206" endtime="20210430 10:06:54.267"/>
</kw>
<kw name="Validate Page Content" library="BaseLogic">
<arg>${USER_ID}</arg>
<arg>${id_number}</arg>
<doc>Keyword responsible for check string content in the page</doc>
<kw name="Wait Until Element Is Visible" library="SeleniumLibrary">
<arg>${locator}</arg>
<doc>Waits until the element ``locator`` is visible.</doc>
<status status="PASS" starttime="20210430 10:06:54.267" endtime="20210430 10:06:55.402"/>
</kw>
<kw name="Get Text" library="SeleniumLibrary">
<var>${ElementText}</var>
<arg>${locator}</arg>
<doc>Returns the text value of the element identified by ``locator``.</doc>
<msg timestamp="20210430 10:06:55.416" level="INFO">${ElementText} = 0078</msg>
<status status="PASS" starttime="20210430 10:06:55.403" endtime="20210430 10:06:55.416"/>
</kw>
<kw name="Should Contain" library="BuiltIn">
<arg>${ElementText}</arg>
<arg>${string}</arg>
<arg>ignore_case=true</arg>
<doc>Fails if ``container`` does not contain ``item`` one or more times.</doc>
<status status="PASS" starttime="20210430 10:06:55.416" endtime="20210430 10:06:55.417"/>
</kw>
<status status="PASS" starttime="20210430 10:06:54.267" endtime="20210430 10:06:55.417"/>
</kw>
<status status="PASS" starttime="20210430 10:06:53.543" endtime="20210430 10:06:55.417"/>
</kw>
<doc>Login with a valid user and confirms the correct login</doc>
<status status="PASS" starttime="20210430 10:06:52.714" endtime="20210430 10:06:55.417"/>
</test>
<test id="s1-t2" name="Begin Assessment questions">
<kw name="Start Assessment" library="Assessment">
<doc>Keyword responsible for start the assessment test flow</doc>
<kw name="Select Element" library="BaseLogic">
<arg>${START_ASSESSMENT}</arg>
<doc>Keyword responsible for the click function on an element and waiting for the element to be visible.</doc>
<kw name="Wait Until Element Is Visible" library="SeleniumLibrary">
<arg>${locator}</arg>
<doc>Waits until the element ``locator`` is visible.</doc>
<status status="PASS" starttime="20210430 10:06:55.420" endtime="20210430 10:06:55.437"/>
</kw>
<kw name="Click Element" library="SeleniumLibrary">
<arg>${locator}</arg>
<doc>Click the element identified by ``locator``.</doc>
<msg timestamp="20210430 10:06:55.438" level="INFO">Clicking element 'css=.btn.btn-primary.startExam'.</msg>
<status status="PASS" starttime="20210430 10:06:55.437" endtime="20210430 10:06:56.097"/>
</kw>
<status status="PASS" starttime="20210430 10:06:55.420" endtime="20210430 10:06:56.098"/>
</kw>
<status status="PASS" starttime="20210430 10:06:55.419" endtime="20210430 10:06:56.098"/>
</kw>
<kw name="Verify if the assessment has started" library="Assessment">
<doc>Keyword to check if the assessment started</doc>
<kw name="Validate Page Content" library="BaseLogic">
<arg>${HEADER_ASSESSMENT}</arg>
<arg>${id_number}</arg>
<doc>Keyword responsible for check string content in the page</doc>
<kw name="Wait Until Element Is Visible" library="SeleniumLibrary">
<arg>${locator}</arg>
<doc>Waits until the element ``locator`` is visible.</doc>
<status status="PASS" starttime="20210430 10:06:56.099" endtime="20210430 10:06:56.598"/>
</kw>
<kw name="Get Text" library="SeleniumLibrary">
<var>${ElementText}</var>
<arg>${locator}</arg>
<doc>Returns the text value of the element identified by ``locator``.</doc>
<msg timestamp="20210430 10:06:56.619" level="INFO">${ElementText} = 0078 ANONYMOUS USER</msg>
<status status="PASS" starttime="20210430 10:06:56.598" endtime="20210430 10:06:56.619"/>
</kw>
<kw name="Should Contain" library="BuiltIn">
<arg>${ElementText}</arg>
<arg>${string}</arg>
<arg>ignore_case=true</arg>
<doc>Fails if ``container`` does not contain ``item`` one or more times.</doc>
<status status="PASS" starttime="20210430 10:06:56.619" endtime="20210430 10:06:56.620"/>
</kw>
<status status="PASS" starttime="20210430 10:06:56.099" endtime="20210430 10:06:56.620"/>
</kw>
<status status="PASS" starttime="20210430 10:06:56.098" endtime="20210430 10:06:56.620"/>
</kw>
<status status="PASS" starttime="20210430 10:06:55.418" endtime="20210430 10:06:56.621"/>
</test>
<test id="s1-t3" name="Choose answer for Question 1/2, navigates, return and verifies">
<kw name="Select radio button answer" library="Assessment">
<arg>${RADIO_QUESTION_1_1}</arg>
<doc>Select one radio button in the desired question</doc>
<kw name="Select Element" library="BaseLogic">
<arg>${locator}</arg>
<doc>Keyword responsible for the click function on an element and waiting for the element to be visible.</doc>
<kw name="Wait Until Element Is Visible" library="SeleniumLibrary">
<arg>${locator}</arg>
<doc>Waits until the element ``locator`` is visible.</doc>
<status status="PASS" starttime="20210430 10:06:56.623" endtime="20210430 10:06:56.642"/>
</kw>
<kw name="Click Element" library="SeleniumLibrary">
<arg>${locator}</arg>
<doc>Click the element identified by ``locator``.</doc>
<msg timestamp="20210430 10:06:56.643" level="INFO">Clicking element 'xpath=(//input)[1]'.</msg>
<status status="PASS" starttime="20210430 10:06:56.642" endtime="20210430 10:06:56.706"/>
</kw>
<status status="PASS" starttime="20210430 10:06:56.623" endtime="20210430 10:06:56.707"/>
</kw>
<status status="PASS" starttime="20210430 10:06:56.622" endtime="20210430 10:06:56.707"/>
</kw>
<kw name="Go to the next question" library="NavigationActions">
<doc>Go to the next question and evaluates if the page changed accordingly</doc>
<kw name="Get Element Attribute" library="SeleniumLibrary">
<var>${actual_page}</var>
<arg>${VISIBLE_PAGE}</arg>
<arg>title</arg>
<doc>Returns the value of ``attribute`` from the element ``locator``.</doc>
<msg timestamp="20210430 10:06:56.734" level="INFO">${actual_page} = Question 1</msg>
<status status="PASS" starttime="20210430 10:06:56.708" endtime="20210430 10:06:56.734"/>
</kw>
<kw name="Split String" library="String">
<var>${actual_page}</var>
<arg>${actual_page}</arg>
<doc>Splits the ``string`` using ``separator`` as a delimiter string.</doc>
<msg timestamp="20210430 10:06:56.735" level="INFO">${actual_page} = ['Question', '1']</msg>
<status status="PASS" starttime="20210430 10:06:56.735" endtime="20210430 10:06:56.735"/>
</kw>
<kw name="Remove From List" library="Collections">
<var>${actual_page}</var>
<arg>${actual_page}</arg>
<arg>1</arg>
<doc>Removes and returns the value specified with an ``index`` from ``list``.</doc>
<msg timestamp="20210430 10:06:56.736" level="INFO">${actual_page} = 1</msg>
<status status="PASS" starttime="20210430 10:06:56.735" endtime="20210430 10:06:56.736"/>
</kw>
<kw name="Convert To Number" library="BuiltIn">
<var>${actual_page}</var>
<arg>${actual_page}</arg>
<doc>Converts the given item to a floating point number.</doc>
<msg timestamp="20210430 10:06:56.738" level="INFO">${actual_page} = 1.0</msg>
<status status="PASS" starttime="20210430 10:06:56.736" endtime="20210430 10:06:56.738"/>
</kw>
<kw name="Select Element" library="BaseLogic">
<arg>${NEXT_BUTTON}</arg>
<doc>Keyword responsible for the click function on an element and waiting for the element to be visible.</doc>
<kw name="Wait Until Element Is Visible" library="SeleniumLibrary">
<arg>${locator}</arg>
<doc>Waits until the element ``locator`` is visible.</doc>
<status status="PASS" starttime="20210430 10:06:56.740" endtime="20210430 10:06:56.766"/>
</kw>
<kw name="Click Element" library="SeleniumLibrary">
<arg>${locator}</arg>
<doc>Click the element identified by ``locator``.</doc>
<msg timestamp="20210430 10:06:56.767" level="INFO">Clicking element 'id=footer-nav-button-next'.</msg>
<status status="PASS" starttime="20210430 10:06:56.767" endtime="20210430 10:06:56.827"/>
</kw>
<status status="PASS" starttime="20210430 10:06:56.738" endtime="20210430 10:06:56.827"/>
</kw>
<kw name="Get Element Attribute" library="SeleniumLibrary">
<var>${new_page}</var>
<arg>${VISIBLE_PAGE}</arg>
<arg>title</arg>
<doc>Returns the value of ``attribute`` from the element ``locator``.</doc>
<msg timestamp="20210430 10:06:56.841" level="INFO">${new_page} = Question 2</msg>
<status status="PASS" starttime="20210430 10:06:56.828" endtime="20210430 10:06:56.841"/>
</kw>
<kw name="Split String" library="String">
<var>${new_page}</var>
<arg>${new_page}</arg>
<doc>Splits the ``string`` using ``separator`` as a delimiter string.</doc>
<msg timestamp="20210430 10:06:56.842" level="INFO">${new_page} = ['Question', '2']</msg>
<status status="PASS" starttime="20210430 10:06:56.841" endtime="20210430 10:06:56.842"/>
</kw>
<kw name="Remove From List" library="Collections">
<var>${new_page}</var>
<arg>${new_page}</arg>
<arg>1</arg>
<doc>Removes and returns the value specified with an ``index`` from ``list``.</doc>
<msg timestamp="20210430 10:06:56.842" level="INFO">${new_page} = 2</msg>
<status status="PASS" starttime="20210430 10:06:56.842" endtime="20210430 10:06:56.842"/>
</kw>
<kw name="Evaluate" library="BuiltIn">
<var>${new_page}</var>
<arg>${new_page} - 1</arg>
<doc>Evaluates the given expression in Python and returns the result.</doc>
<msg timestamp="20210430 10:06:56.843" level="INFO">${new_page} = 1</msg>
<status status="PASS" starttime="20210430 10:06:56.842" endtime="20210430 10:06:56.843"/>
</kw>
<kw name="Should Be Equal" library="BuiltIn">
<arg>${actual_page}</arg>
<arg>${new_page}</arg>
<doc>Fails if the given objects are unequal.</doc>
<msg timestamp="20210430 10:06:56.843" level="INFO">Argument types are:
&lt;class 'float'&gt;
&lt;class 'int'&gt;</msg>
<status status="PASS" starttime="20210430 10:06:56.843" endtime="20210430 10:06:56.843"/>
</kw>
<status status="PASS" starttime="20210430 10:06:56.707" endtime="20210430 10:06:56.843"/>
</kw>
<kw name="Go to the next question" library="NavigationActions">
<doc>Go to the next question and evaluates if the page changed accordingly</doc>
<kw name="Get Element Attribute" library="SeleniumLibrary">
<var>${actual_page}</var>
<arg>${VISIBLE_PAGE}</arg>
<arg>title</arg>
<doc>Returns the value of ``attribute`` from the element ``locator``.</doc>
<msg timestamp="20210430 10:06:56.858" level="INFO">${actual_page} = Question 2</msg>
<status status="PASS" starttime="20210430 10:06:56.844" endtime="20210430 10:06:56.858"/>
</kw>
<kw name="Split String" library="String">
<var>${actual_page}</var>
<arg>${actual_page}</arg>
<doc>Splits the ``string`` using ``separator`` as a delimiter string.</doc>
<msg timestamp="20210430 10:06:56.859" level="INFO">${actual_page} = ['Question', '2']</msg>
<status status="PASS" starttime="20210430 10:06:56.859" endtime="20210430 10:06:56.860"/>
</kw>
<kw name="Remove From List" library="Collections">
<var>${actual_page}</var>
<arg>${actual_page}</arg>
<arg>1</arg>
<doc>Removes and returns the value specified with an ``index`` from ``list``.</doc>
<msg timestamp="20210430 10:06:56.860" level="INFO">${actual_page} = 2</msg>
<status status="PASS" starttime="20210430 10:06:56.860" endtime="20210430 10:06:56.860"/>
</kw>
<kw name="Convert To Number" library="BuiltIn">
<var>${actual_page}</var>
<arg>${actual_page}</arg>
<doc>Converts the given item to a floating point number.</doc>
<msg timestamp="20210430 10:06:56.861" level="INFO">${actual_page} = 2.0</msg>
<status status="PASS" starttime="20210430 10:06:56.861" endtime="20210430 10:06:56.861"/>
</kw>
<kw name="Select Element" library="BaseLogic">
<arg>${NEXT_BUTTON}</arg>
<doc>Keyword responsible for the click function on an element and waiting for the element to be visible.</doc>
<kw name="Wait Until Element Is Visible" library="SeleniumLibrary">
<arg>${locator}</arg>
<doc>Waits until the element ``locator`` is visible.</doc>
<status status="PASS" starttime="20210430 10:06:56.862" endtime="20210430 10:06:57.019"/>
</kw>
<kw name="Click Element" library="SeleniumLibrary">
<arg>${locator}</arg>
<doc>Click the element identified by ``locator``.</doc>
<msg timestamp="20210430 10:06:57.020" level="INFO">Clicking element 'id=footer-nav-button-next'.</msg>
<status status="PASS" starttime="20210430 10:06:57.020" endtime="20210430 10:06:57.073"/>
</kw>
<status status="PASS" starttime="20210430 10:06:56.862" endtime="20210430 10:06:57.073"/>
</kw>
<kw name="Get Element Attribute" library="SeleniumLibrary">
<var>${new_page}</var>
<arg>${VISIBLE_PAGE}</arg>
<arg>title</arg>
<doc>Returns the value of ``attribute`` from the element ``locator``.</doc>
<msg timestamp="20210430 10:06:57.084" level="INFO">${new_page} = Question 3</msg>
<status status="PASS" starttime="20210430 10:06:57.073" endtime="20210430 10:06:57.085"/>
</kw>
<kw name="Split String" library="String">
<var>${new_page}</var>
<arg>${new_page}</arg>
<doc>Splits the ``string`` using ``separator`` as a delimiter string.</doc>
<msg timestamp="20210430 10:06:57.085" level="INFO">${new_page} = ['Question', '3']</msg>
<status status="PASS" starttime="20210430 10:06:57.085" endtime="20210430 10:06:57.086"/>
</kw>
<kw name="Remove From List" library="Collections">
<var>${new_page}</var>
<arg>${new_page}</arg>
<arg>1</arg>
<doc>Removes and returns the value specified with an ``index`` from ``list``.</doc>
<msg timestamp="20210430 10:06:57.087" level="INFO">${new_page} = 3</msg>
<status status="PASS" starttime="20210430 10:06:57.086" endtime="20210430 10:06:57.087"/>
</kw>
<kw name="Evaluate" library="BuiltIn">
<var>${new_page}</var>
<arg>${new_page} - 1</arg>
<doc>Evaluates the given expression in Python and returns the result.</doc>
<msg timestamp="20210430 10:06:57.088" level="INFO">${new_page} = 2</msg>
<status status="PASS" starttime="20210430 10:06:57.087" endtime="20210430 10:06:57.088"/>
</kw>
<kw name="Should Be Equal" library="BuiltIn">
<arg>${actual_page}</arg>
<arg>${new_page}</arg>
<doc>Fails if the given objects are unequal.</doc>
<msg timestamp="20210430 10:06:57.089" level="INFO">Argument types are:
&lt;class 'float'&gt;
&lt;class 'int'&gt;</msg>
<status status="PASS" starttime="20210430 10:06:57.088" endtime="20210430 10:06:57.089"/>
</kw>
<status status="PASS" starttime="20210430 10:06:56.843" endtime="20210430 10:06:57.089"/>
</kw>
<kw name="Go to the previous question" library="NavigationActions">
<doc>Go to the previous question and evaluates if the page changed accordingly</doc>
<kw name="Get Element Attribute" library="SeleniumLibrary">
<var>${actual_page}</var>
<arg>${VISIBLE_PAGE}</arg>
<arg>title</arg>
<doc>Returns the value of ``attribute`` from the element ``locator``.</doc>
<msg timestamp="20210430 10:06:57.101" level="INFO">${actual_page} = Question 3</msg>
<status status="PASS" starttime="20210430 10:06:57.090" endtime="20210430 10:06:57.101"/>
</kw>
<kw name="Split String" library="String">
<var>${actual_page}</var>
<arg>${actual_page}</arg>
<doc>Splits the ``string`` using ``separator`` as a delimiter string.</doc>
<msg timestamp="20210430 10:06:57.101" level="INFO">${actual_page} = ['Question', '3']</msg>
<status status="PASS" starttime="20210430 10:06:57.101" endtime="20210430 10:06:57.102"/>
</kw>
<kw name="Remove From List" library="Collections">
<var>${actual_page}</var>
<arg>${actual_page}</arg>
<arg>1</arg>
<doc>Removes and returns the value specified with an ``index`` from ``list``.</doc>
<msg timestamp="20210430 10:06:57.102" level="INFO">${actual_page} = 3</msg>
<status status="PASS" starttime="20210430 10:06:57.102" endtime="20210430 10:06:57.102"/>
</kw>
<kw name="Convert To Number" library="BuiltIn">
<var>${actual_page}</var>
<arg>${actual_page}</arg>
<doc>Converts the given item to a floating point number.</doc>
<msg timestamp="20210430 10:06:57.102" level="INFO">${actual_page} = 3.0</msg>
<status status="PASS" starttime="20210430 10:06:57.102" endtime="20210430 10:06:57.102"/>
</kw>
<kw name="Select Element" library="BaseLogic">
<arg>${BACK_BUTTON}</arg>
<doc>Keyword responsible for the click function on an element and waiting for the element to be visible.</doc>
<kw name="Wait Until Element Is Visible" library="SeleniumLibrary">
<arg>${locator}</arg>
<doc>Waits until the element ``locator`` is visible.</doc>
<status status="PASS" starttime="20210430 10:06:57.103" endtime="20210430 10:06:57.120"/>
</kw>
<kw name="Click Element" library="SeleniumLibrary">
<arg>${locator}</arg>
<doc>Click the element identified by ``locator``.</doc>
<msg timestamp="20210430 10:06:57.121" level="INFO">Clicking element 'id=footer-nav-button-previous'.</msg>
<status status="PASS" starttime="20210430 10:06:57.120" endtime="20210430 10:06:57.288"/>
</kw>
<status status="PASS" starttime="20210430 10:06:57.103" endtime="20210430 10:06:57.288"/>
</kw>
<kw name="Get Element Attribute" library="SeleniumLibrary">
<var>${new_page}</var>
<arg>${VISIBLE_PAGE}</arg>
<arg>title</arg>
<doc>Returns the value of ``attribute`` from the element ``locator``.</doc>
<msg timestamp="20210430 10:06:57.298" level="INFO">${new_page} = Question 2</msg>
<status status="PASS" starttime="20210430 10:06:57.288" endtime="20210430 10:06:57.298"/>
</kw>
<kw name="Split String" library="String">
<var>${new_page}</var>
<arg>${new_page}</arg>
<doc>Splits the ``string`` using ``separator`` as a delimiter string.</doc>
<msg timestamp="20210430 10:06:57.299" level="INFO">${new_page} = ['Question', '2']</msg>
<status status="PASS" starttime="20210430 10:06:57.299" endtime="20210430 10:06:57.299"/>
</kw>
<kw name="Remove From List" library="Collections">
<var>${new_page}</var>
<arg>${new_page}</arg>
<arg>1</arg>
<doc>Removes and returns the value specified with an ``index`` from ``list``.</doc>
<msg timestamp="20210430 10:06:57.299" level="INFO">${new_page} = 2</msg>
<status status="PASS" starttime="20210430 10:06:57.299" endtime="20210430 10:06:57.299"/>
</kw>
<kw name="Evaluate" library="BuiltIn">
<var>${new_page}</var>
<arg>${new_page} + 1</arg>
<doc>Evaluates the given expression in Python and returns the result.</doc>
<msg timestamp="20210430 10:06:57.300" level="INFO">${new_page} = 3</msg>
<status status="PASS" starttime="20210430 10:06:57.299" endtime="20210430 10:06:57.300"/>
</kw>
<kw name="Should Be Equal" library="BuiltIn">
<arg>${actual_page}</arg>
<arg>${new_page}</arg>
<doc>Fails if the given objects are unequal.</doc>
<msg timestamp="20210430 10:06:57.300" level="INFO">Argument types are:
&lt;class 'float'&gt;
&lt;class 'int'&gt;</msg>
<status status="PASS" starttime="20210430 10:06:57.300" endtime="20210430 10:06:57.300"/>
</kw>
<status status="PASS" starttime="20210430 10:06:57.090" endtime="20210430 10:06:57.300"/>
</kw>
<kw name="Go to a specific question" library="NavigationActions">
<arg>${QUESTION_1}</arg>
<arg>Question 1</arg>
<doc>Navigate to the desired question and verifies</doc>
<kw name="Select Element" library="BaseLogic">
<arg>${locator}</arg>
<doc>Keyword responsible for the click function on an element and waiting for the element to be visible.</doc>
<kw name="Wait Until Element Is Visible" library="SeleniumLibrary">
<arg>${locator}</arg>
<doc>Waits until the element ``locator`` is visible.</doc>
<status status="PASS" starttime="20210430 10:06:57.301" endtime="20210430 10:06:57.320"/>
</kw>
<kw name="Click Element" library="SeleniumLibrary">
<arg>${locator}</arg>
<doc>Click the element identified by ``locator``.</doc>
<msg timestamp="20210430 10:06:57.320" level="INFO">Clicking element 'xpath=//a[(@title='Question 1')]'.</msg>
<status status="PASS" starttime="20210430 10:06:57.320" endtime="20210430 10:06:57.372"/>
</kw>
<status status="PASS" starttime="20210430 10:06:57.301" endtime="20210430 10:06:57.372"/>
</kw>
<kw name="Get Element Attribute" library="SeleniumLibrary">
<var>${actual_page}</var>
<arg>${VISIBLE_PAGE}</arg>
<arg>title</arg>
<doc>Returns the value of ``attribute`` from the element ``locator``.</doc>
<msg timestamp="20210430 10:06:57.382" level="INFO">${actual_page} = Question 1</msg>
<status status="PASS" starttime="20210430 10:06:57.372" endtime="20210430 10:06:57.382"/>
</kw>
<kw name="Should Be Equal" library="BuiltIn">
<arg>${actual_page}</arg>
<arg>${question_number}</arg>
<doc>Fails if the given objects are unequal.</doc>
<status status="PASS" starttime="20210430 10:06:57.383" endtime="20210430 10:06:57.383"/>
</kw>
<status status="PASS" starttime="20210430 10:06:57.300" endtime="20210430 10:06:57.383"/>
</kw>
<kw name="Verify if answer is saved" library="Assessment">
<arg>${RADIO_QUESTION_1_1}</arg>
<doc>Check if the selected answer is saved in the desired question</doc>
<kw name="Wait Until Element Is Visible" library="SeleniumLibrary">
<arg>${locator}</arg>
<doc>Waits until the element ``locator`` is visible.</doc>
<status status="PASS" starttime="20210430 10:06:57.384" endtime="20210430 10:06:57.400"/>
</kw>
<kw name="Element Should Be Enabled" library="SeleniumLibrary">
<arg>${locator}</arg>
<doc>Verifies that element identified by ``locator`` is enabled.</doc>
<status status="PASS" starttime="20210430 10:06:57.400" endtime="20210430 10:06:57.416"/>
</kw>
<status status="PASS" starttime="20210430 10:06:57.383" endtime="20210430 10:06:57.416"/>
</kw>
<kw name="Change radio button answer" library="Assessment">
<arg>${RADIO_QUESTION_1_2}</arg>
<doc>Change the radio button in the desired question</doc>
<kw name="Select Element" library="BaseLogic">
<arg>${locator}</arg>
<doc>Keyword responsible for the click function on an element and waiting for the element to be visible.</doc>
<kw name="Wait Until Element Is Visible" library="SeleniumLibrary">
<arg>${locator}</arg>
<doc>Waits until the element ``locator`` is visible.</doc>
<status status="PASS" starttime="20210430 10:06:57.417" endtime="20210430 10:06:57.433"/>
</kw>
<kw name="Click Element" library="SeleniumLibrary">
<arg>${locator}</arg>
<doc>Click the element identified by ``locator``.</doc>
<msg timestamp="20210430 10:06:57.433" level="INFO">Clicking element 'xpath=(//input)[2]'.</msg>
<status status="PASS" starttime="20210430 10:06:57.433" endtime="20210430 10:06:57.474"/>
</kw>
<status status="PASS" starttime="20210430 10:06:57.416" endtime="20210430 10:06:57.474"/>
</kw>
<status status="PASS" starttime="20210430 10:06:57.416" endtime="20210430 10:06:57.474"/>
</kw>
<kw name="Reset answer" library="Assessment">
<arg>${RADIO_QUESTION_1_2}</arg>
<doc>Reset the question answer</doc>
<kw name="Wait Until Element Is Visible" library="SeleniumLibrary">
<arg>${RESET_BUTTON}</arg>
<doc>Waits until the element ``locator`` is visible.</doc>
<status status="PASS" starttime="20210430 10:06:57.475" endtime="20210430 10:06:57.494"/>
</kw>
<kw name="Select Element" library="BaseLogic">
<arg>${RESET_BUTTON}</arg>
<doc>Keyword responsible for the click function on an element and waiting for the element to be visible.</doc>
<kw name="Wait Until Element Is Visible" library="SeleniumLibrary">
<arg>${locator}</arg>
<doc>Waits until the element ``locator`` is visible.</doc>
<status status="PASS" starttime="20210430 10:06:57.495" endtime="20210430 10:06:57.512"/>
</kw>
<kw name="Click Element" library="SeleniumLibrary">
<arg>${locator}</arg>
<doc>Click the element identified by ``locator``.</doc>
<msg timestamp="20210430 10:06:57.513" level="INFO">Clicking element 'xpath=//div[contains(@class,'QuestionDisplay__resetButton')]/button'.</msg>
<status status="PASS" starttime="20210430 10:06:57.512" endtime="20210430 10:06:57.561"/>
</kw>
<status status="PASS" starttime="20210430 10:06:57.494" endtime="20210430 10:06:57.561"/>
</kw>
<status status="PASS" starttime="20210430 10:06:57.474" endtime="20210430 10:06:57.561"/>
</kw>
<kw name="Go to the next question" library="NavigationActions">
<doc>Go to the next question and evaluates if the page changed accordingly</doc>
<kw name="Get Element Attribute" library="SeleniumLibrary">
<var>${actual_page}</var>
<arg>${VISIBLE_PAGE}</arg>
<arg>title</arg>
<doc>Returns the value of ``attribute`` from the element ``locator``.</doc>
<msg timestamp="20210430 10:06:57.579" level="INFO">${actual_page} = Question 1</msg>
<status status="PASS" starttime="20210430 10:06:57.562" endtime="20210430 10:06:57.579"/>
</kw>
<kw name="Split String" library="String">
<var>${actual_page}</var>
<arg>${actual_page}</arg>
<doc>Splits the ``string`` using ``separator`` as a delimiter string.</doc>
<msg timestamp="20210430 10:06:57.579" level="INFO">${actual_page} = ['Question', '1']</msg>
<status status="PASS" starttime="20210430 10:06:57.579" endtime="20210430 10:06:57.579"/>
</kw>
<kw name="Remove From List" library="Collections">
<var>${actual_page}</var>
<arg>${actual_page}</arg>
<arg>1</arg>
<doc>Removes and returns the value specified with an ``index`` from ``list``.</doc>
<msg timestamp="20210430 10:06:57.580" level="INFO">${actual_page} = 1</msg>
<status status="PASS" starttime="20210430 10:06:57.579" endtime="20210430 10:06:57.580"/>
</kw>
<kw name="Convert To Number" library="BuiltIn">
<var>${actual_page}</var>
<arg>${actual_page}</arg>
<doc>Converts the given item to a floating point number.</doc>
<msg timestamp="20210430 10:06:57.581" level="INFO">${actual_page} = 1.0</msg>
<status status="PASS" starttime="20210430 10:06:57.580" endtime="20210430 10:06:57.581"/>
</kw>
<kw name="Select Element" library="BaseLogic">
<arg>${NEXT_BUTTON}</arg>
<doc>Keyword responsible for the click function on an element and waiting for the element to be visible.</doc>
<kw name="Wait Until Element Is Visible" library="SeleniumLibrary">
<arg>${locator}</arg>
<doc>Waits until the element ``locator`` is visible.</doc>
<status status="PASS" starttime="20210430 10:06:57.582" endtime="20210430 10:06:57.595"/>
</kw>
<kw name="Click Element" library="SeleniumLibrary">
<arg>${locator}</arg>
<doc>Click the element identified by ``locator``.</doc>
<msg timestamp="20210430 10:06:57.596" level="INFO">Clicking element 'id=footer-nav-button-next'.</msg>
<status status="PASS" starttime="20210430 10:06:57.595" endtime="20210430 10:06:57.667"/>
</kw>
<status status="PASS" starttime="20210430 10:06:57.581" endtime="20210430 10:06:57.667"/>
</kw>
<kw name="Get Element Attribute" library="SeleniumLibrary">
<var>${new_page}</var>
<arg>${VISIBLE_PAGE}</arg>
<arg>title</arg>
<doc>Returns the value of ``attribute`` from the element ``locator``.</doc>
<msg timestamp="20210430 10:06:57.678" level="INFO">${new_page} = Question 2</msg>
<status status="PASS" starttime="20210430 10:06:57.667" endtime="20210430 10:06:57.678"/>
</kw>
<kw name="Split String" library="String">
<var>${new_page}</var>
<arg>${new_page}</arg>
<doc>Splits the ``string`` using ``separator`` as a delimiter string.</doc>
<msg timestamp="20210430 10:06:57.679" level="INFO">${new_page} = ['Question', '2']</msg>
<status status="PASS" starttime="20210430 10:06:57.678" endtime="20210430 10:06:57.679"/>
</kw>
<kw name="Remove From List" library="Collections">
<var>${new_page}</var>
<arg>${new_page}</arg>
<arg>1</arg>
<doc>Removes and returns the value specified with an ``index`` from ``list``.</doc>
<msg timestamp="20210430 10:06:57.679" level="INFO">${new_page} = 2</msg>
<status status="PASS" starttime="20210430 10:06:57.679" endtime="20210430 10:06:57.679"/>
</kw>
<kw name="Evaluate" library="BuiltIn">
<var>${new_page}</var>
<arg>${new_page} - 1</arg>
<doc>Evaluates the given expression in Python and returns the result.</doc>
<msg timestamp="20210430 10:06:57.680" level="INFO">${new_page} = 1</msg>
<status status="PASS" starttime="20210430 10:06:57.679" endtime="20210430 10:06:57.680"/>
</kw>
<kw name="Should Be Equal" library="BuiltIn">
<arg>${actual_page}</arg>
<arg>${new_page}</arg>
<doc>Fails if the given objects are unequal.</doc>
<msg timestamp="20210430 10:06:57.680" level="INFO">Argument types are:
&lt;class 'float'&gt;
&lt;class 'int'&gt;</msg>
<status status="PASS" starttime="20210430 10:06:57.680" endtime="20210430 10:06:57.681"/>
</kw>
<status status="PASS" starttime="20210430 10:06:57.561" endtime="20210430 10:06:57.681"/>
</kw>
<kw name="Select radio button answer" library="Assessment">
<arg>${RADIO_QUESTION_1_1}</arg>
<doc>Select one radio button in the desired question</doc>
<kw name="Select Element" library="BaseLogic">
<arg>${locator}</arg>
<doc>Keyword responsible for the click function on an element and waiting for the element to be visible.</doc>
<kw name="Wait Until Element Is Visible" library="SeleniumLibrary">
<arg>${locator}</arg>
<doc>Waits until the element ``locator`` is visible.</doc>
<status status="PASS" starttime="20210430 10:06:57.682" endtime="20210430 10:06:57.697"/>
</kw>
<kw name="Click Element" library="SeleniumLibrary">
<arg>${locator}</arg>
<doc>Click the element identified by ``locator``.</doc>
<msg timestamp="20210430 10:06:57.698" level="INFO">Clicking element 'xpath=(//input)[1]'.</msg>
<status status="PASS" starttime="20210430 10:06:57.697" endtime="20210430 10:06:57.731"/>
</kw>
<status status="PASS" starttime="20210430 10:06:57.682" endtime="20210430 10:06:57.731"/>
</kw>
<status status="PASS" starttime="20210430 10:06:57.681" endtime="20210430 10:06:57.731"/>
</kw>
<doc>Selects a answer, navigates to different questions, returns to check if the selected answer is saved and modifies the answer</doc>
<status status="PASS" starttime="20210430 10:06:56.621" endtime="20210430 10:06:57.732"/>
</test>
<test id="s1-t4" name="Go to Question 10 and select more than one checkbox">
<kw name="Go to a specific question" library="NavigationActions">
<arg>${QUESTION_10}</arg>
<arg>Question 10</arg>
<doc>Navigate to the desired question and verifies</doc>
<kw name="Select Element" library="BaseLogic">
<arg>${locator}</arg>
<doc>Keyword responsible for the click function on an element and waiting for the element to be visible.</doc>
<kw name="Wait Until Element Is Visible" library="SeleniumLibrary">
<arg>${locator}</arg>
<doc>Waits until the element ``locator`` is visible.</doc>
<status status="PASS" starttime="20210430 10:06:57.734" endtime="20210430 10:06:57.751"/>
</kw>
<kw name="Click Element" library="SeleniumLibrary">
<arg>${locator}</arg>
<doc>Click the element identified by ``locator``.</doc>
<msg timestamp="20210430 10:06:57.752" level="INFO">Clicking element 'xpath=//a[(@title='Question 10')]'.</msg>
<status status="PASS" starttime="20210430 10:06:57.752" endtime="20210430 10:06:57.810"/>
</kw>
<status status="PASS" starttime="20210430 10:06:57.733" endtime="20210430 10:06:57.810"/>
</kw>
<kw name="Get Element Attribute" library="SeleniumLibrary">
<var>${actual_page}</var>
<arg>${VISIBLE_PAGE}</arg>
<arg>title</arg>
<doc>Returns the value of ``attribute`` from the element ``locator``.</doc>
<msg timestamp="20210430 10:06:57.827" level="INFO">${actual_page} = Question 10</msg>
<status status="PASS" starttime="20210430 10:06:57.810" endtime="20210430 10:06:57.827"/>
</kw>
<kw name="Should Be Equal" library="BuiltIn">
<arg>${actual_page}</arg>
<arg>${question_number}</arg>
<doc>Fails if the given objects are unequal.</doc>
<status status="PASS" starttime="20210430 10:06:57.827" endtime="20210430 10:06:57.828"/>
</kw>
<status status="PASS" starttime="20210430 10:06:57.733" endtime="20210430 10:06:57.828"/>
</kw>
<kw name="Select Checkbox" library="SeleniumLibrary">
<arg>${BOX_QUESTION_10_1}</arg>
<doc>Selects the checkbox identified by ``locator``.</doc>
<msg timestamp="20210430 10:06:57.829" level="INFO">Selecting checkbox 'xpath=(//input)[1]'.</msg>
<status status="PASS" starttime="20210430 10:06:57.828" endtime="20210430 10:06:57.899"/>
</kw>
<kw name="Select Checkbox" library="SeleniumLibrary">
<arg>${BOX_QUESTION_10_2}</arg>
<doc>Selects the checkbox identified by ``locator``.</doc>
<msg timestamp="20210430 10:06:57.900" level="INFO">Selecting checkbox 'xpath=(//input)[2]'.</msg>
<status status="PASS" starttime="20210430 10:06:57.899" endtime="20210430 10:06:57.974"/>
</kw>
<kw name="Select Checkbox" library="SeleniumLibrary">
<arg>${BOX_QUESTION_10_3}</arg>
<doc>Selects the checkbox identified by ``locator``.</doc>
<msg timestamp="20210430 10:06:57.975" level="INFO">Selecting checkbox 'xpath=(//input)[3]'.</msg>
<status status="PASS" starttime="20210430 10:06:57.975" endtime="20210430 10:06:58.003"/>
</kw>
<kw name="Go to the next question" library="NavigationActions">
<doc>Go to the next question and evaluates if the page changed accordingly</doc>
<kw name="Get Element Attribute" library="SeleniumLibrary">
<var>${actual_page}</var>
<arg>${VISIBLE_PAGE}</arg>
<arg>title</arg>
<doc>Returns the value of ``attribute`` from the element ``locator``.</doc>
<msg timestamp="20210430 10:06:58.014" level="INFO">${actual_page} = Question 10</msg>
<status status="PASS" starttime="20210430 10:06:58.004" endtime="20210430 10:06:58.014"/>
</kw>
<kw name="Split String" library="String">
<var>${actual_page}</var>
<arg>${actual_page}</arg>
<doc>Splits the ``string`` using ``separator`` as a delimiter string.</doc>
<msg timestamp="20210430 10:06:58.014" level="INFO">${actual_page} = ['Question', '10']</msg>
<status status="PASS" starttime="20210430 10:06:58.014" endtime="20210430 10:06:58.014"/>
</kw>
<kw name="Remove From List" library="Collections">
<var>${actual_page}</var>
<arg>${actual_page}</arg>
<arg>1</arg>
<doc>Removes and returns the value specified with an ``index`` from ``list``.</doc>
<msg timestamp="20210430 10:06:58.014" level="INFO">${actual_page} = 10</msg>
<status status="PASS" starttime="20210430 10:06:58.014" endtime="20210430 10:06:58.015"/>
</kw>
<kw name="Convert To Number" library="BuiltIn">
<var>${actual_page}</var>
<arg>${actual_page}</arg>
<doc>Converts the given item to a floating point number.</doc>
<msg timestamp="20210430 10:06:58.015" level="INFO">${actual_page} = 10.0</msg>
<status status="PASS" starttime="20210430 10:06:58.015" endtime="20210430 10:06:58.015"/>
</kw>
<kw name="Select Element" library="BaseLogic">
<arg>${NEXT_BUTTON}</arg>
<doc>Keyword responsible for the click function on an element and waiting for the element to be visible.</doc>
<kw name="Wait Until Element Is Visible" library="SeleniumLibrary">
<arg>${locator}</arg>
<doc>Waits until the element ``locator`` is visible.</doc>
<status status="PASS" starttime="20210430 10:06:58.015" endtime="20210430 10:06:58.028"/>
</kw>
<kw name="Click Element" library="SeleniumLibrary">
<arg>${locator}</arg>
<doc>Click the element identified by ``locator``.</doc>
<msg timestamp="20210430 10:06:58.029" level="INFO">Clicking element 'id=footer-nav-button-next'.</msg>
<status status="PASS" starttime="20210430 10:06:58.029" endtime="20210430 10:06:58.078"/>
</kw>
<status status="PASS" starttime="20210430 10:06:58.015" endtime="20210430 10:06:58.079"/>
</kw>
<kw name="Get Element Attribute" library="SeleniumLibrary">
<var>${new_page}</var>
<arg>${VISIBLE_PAGE}</arg>
<arg>title</arg>
<doc>Returns the value of ``attribute`` from the element ``locator``.</doc>
<msg timestamp="20210430 10:06:58.090" level="INFO">${new_page} = Question 11</msg>
<status status="PASS" starttime="20210430 10:06:58.079" endtime="20210430 10:06:58.090"/>
</kw>
<kw name="Split String" library="String">
<var>${new_page}</var>
<arg>${new_page}</arg>
<doc>Splits the ``string`` using ``separator`` as a delimiter string.</doc>
<msg timestamp="20210430 10:06:58.090" level="INFO">${new_page} = ['Question', '11']</msg>
<status status="PASS" starttime="20210430 10:06:58.090" endtime="20210430 10:06:58.090"/>
</kw>
<kw name="Remove From List" library="Collections">
<var>${new_page}</var>
<arg>${new_page}</arg>
<arg>1</arg>
<doc>Removes and returns the value specified with an ``index`` from ``list``.</doc>
<msg timestamp="20210430 10:06:58.091" level="INFO">${new_page} = 11</msg>
<status status="PASS" starttime="20210430 10:06:58.091" endtime="20210430 10:06:58.091"/>
</kw>
<kw name="Evaluate" library="BuiltIn">
<var>${new_page}</var>
<arg>${new_page} - 1</arg>
<doc>Evaluates the given expression in Python and returns the result.</doc>
<msg timestamp="20210430 10:06:58.091" level="INFO">${new_page} = 10</msg>
<status status="PASS" starttime="20210430 10:06:58.091" endtime="20210430 10:06:58.091"/>
</kw>
<kw name="Should Be Equal" library="BuiltIn">
<arg>${actual_page}</arg>
<arg>${new_page}</arg>
<doc>Fails if the given objects are unequal.</doc>
<msg timestamp="20210430 10:06:58.092" level="INFO">Argument types are:
&lt;class 'float'&gt;
&lt;class 'int'&gt;</msg>
<status status="PASS" starttime="20210430 10:06:58.091" endtime="20210430 10:06:58.092"/>
</kw>
<status status="PASS" starttime="20210430 10:06:58.003" endtime="20210430 10:06:58.092"/>
</kw>
<kw name="Go to the previous question" library="NavigationActions">
<doc>Go to the previous question and evaluates if the page changed accordingly</doc>
<kw name="Get Element Attribute" library="SeleniumLibrary">
<var>${actual_page}</var>
<arg>${VISIBLE_PAGE}</arg>
<arg>title</arg>
<doc>Returns the value of ``attribute`` from the element ``locator``.</doc>
<msg timestamp="20210430 10:06:58.103" level="INFO">${actual_page} = Question 11</msg>
<status status="PASS" starttime="20210430 10:06:58.092" endtime="20210430 10:06:58.103"/>
</kw>
<kw name="Split String" library="String">
<var>${actual_page}</var>
<arg>${actual_page}</arg>
<doc>Splits the ``string`` using ``separator`` as a delimiter string.</doc>
<msg timestamp="20210430 10:06:58.104" level="INFO">${actual_page} = ['Question', '11']</msg>
<status status="PASS" starttime="20210430 10:06:58.104" endtime="20210430 10:06:58.104"/>
</kw>
<kw name="Remove From List" library="Collections">
<var>${actual_page}</var>
<arg>${actual_page}</arg>
<arg>1</arg>
<doc>Removes and returns the value specified with an ``index`` from ``list``.</doc>
<msg timestamp="20210430 10:06:58.105" level="INFO">${actual_page} = 11</msg>
<status status="PASS" starttime="20210430 10:06:58.105" endtime="20210430 10:06:58.105"/>
</kw>
<kw name="Convert To Number" library="BuiltIn">
<var>${actual_page}</var>
<arg>${actual_page}</arg>
<doc>Converts the given item to a floating point number.</doc>
<msg timestamp="20210430 10:06:58.106" level="INFO">${actual_page} = 11.0</msg>
<status status="PASS" starttime="20210430 10:06:58.105" endtime="20210430 10:06:58.106"/>
</kw>
<kw name="Select Element" library="BaseLogic">
<arg>${BACK_BUTTON}</arg>
<doc>Keyword responsible for the click function on an element and waiting for the element to be visible.</doc>
<kw name="Wait Until Element Is Visible" library="SeleniumLibrary">
<arg>${locator}</arg>
<doc>Waits until the element ``locator`` is visible.</doc>
<status status="PASS" starttime="20210430 10:06:58.106" endtime="20210430 10:06:58.118"/>
</kw>
<kw name="Click Element" library="SeleniumLibrary">
<arg>${locator}</arg>
<doc>Click the element identified by ``locator``.</doc>
<msg timestamp="20210430 10:06:58.118" level="INFO">Clicking element 'id=footer-nav-button-previous'.</msg>
<status status="PASS" starttime="20210430 10:06:58.118" endtime="20210430 10:06:58.159"/>
</kw>
<status status="PASS" starttime="20210430 10:06:58.106" endtime="20210430 10:06:58.159"/>
</kw>
<kw name="Get Element Attribute" library="SeleniumLibrary">
<var>${new_page}</var>
<arg>${VISIBLE_PAGE}</arg>
<arg>title</arg>
<doc>Returns the value of ``attribute`` from the element ``locator``.</doc>
<msg timestamp="20210430 10:06:58.172" level="INFO">${new_page} = Question 10</msg>
<status status="PASS" starttime="20210430 10:06:58.159" endtime="20210430 10:06:58.172"/>
</kw>
<kw name="Split String" library="String">
<var>${new_page}</var>
<arg>${new_page}</arg>
<doc>Splits the ``string`` using ``separator`` as a delimiter string.</doc>
<msg timestamp="20210430 10:06:58.173" level="INFO">${new_page} = ['Question', '10']</msg>
<status status="PASS" starttime="20210430 10:06:58.172" endtime="20210430 10:06:58.173"/>
</kw>
<kw name="Remove From List" library="Collections">
<var>${new_page}</var>
<arg>${new_page}</arg>
<arg>1</arg>
<doc>Removes and returns the value specified with an ``index`` from ``list``.</doc>
<msg timestamp="20210430 10:06:58.173" level="INFO">${new_page} = 10</msg>
<status status="PASS" starttime="20210430 10:06:58.173" endtime="20210430 10:06:58.173"/>
</kw>
<kw name="Evaluate" library="BuiltIn">
<var>${new_page}</var>
<arg>${new_page} + 1</arg>
<doc>Evaluates the given expression in Python and returns the result.</doc>
<msg timestamp="20210430 10:06:58.174" level="INFO">${new_page} = 11</msg>
<status status="PASS" starttime="20210430 10:06:58.173" endtime="20210430 10:06:58.174"/>
</kw>
<kw name="Should Be Equal" library="BuiltIn">
<arg>${actual_page}</arg>
<arg>${new_page}</arg>
<doc>Fails if the given objects are unequal.</doc>
<msg timestamp="20210430 10:06:58.174" level="INFO">Argument types are:
&lt;class 'float'&gt;
&lt;class 'int'&gt;</msg>
<status status="PASS" starttime="20210430 10:06:58.174" endtime="20210430 10:06:58.174"/>
</kw>
<status status="PASS" starttime="20210430 10:06:58.092" endtime="20210430 10:06:58.175"/>
</kw>
<kw name="Checkbox Should Be Selected" library="SeleniumLibrary">
<arg>${BOX_QUESTION_10_1}</arg>
<doc>Verifies checkbox ``locator`` is selected/checked.</doc>
<msg timestamp="20210430 10:06:58.175" level="INFO">Verifying checkbox 'xpath=(//input)[1]' is selected.</msg>
<status status="PASS" starttime="20210430 10:06:58.175" endtime="20210430 10:06:58.197"/>
</kw>
<kw name="Checkbox Should Be Selected" library="SeleniumLibrary">
<arg>${BOX_QUESTION_10_2}</arg>
<doc>Verifies checkbox ``locator`` is selected/checked.</doc>
<msg timestamp="20210430 10:06:58.198" level="INFO">Verifying checkbox 'xpath=(//input)[2]' is selected.</msg>
<status status="PASS" starttime="20210430 10:06:58.197" endtime="20210430 10:06:58.218"/>
</kw>
<kw name="Checkbox Should Be Selected" library="SeleniumLibrary">
<arg>${BOX_QUESTION_10_3}</arg>
<doc>Verifies checkbox ``locator`` is selected/checked.</doc>
<msg timestamp="20210430 10:06:58.219" level="INFO">Verifying checkbox 'xpath=(//input)[3]' is selected.</msg>
<status status="PASS" starttime="20210430 10:06:58.218" endtime="20210430 10:06:58.241"/>
</kw>
<kw name="Reset answer" library="Assessment">
<arg>${BOX_QUESTION_10_2}</arg>
<doc>Reset the question answer</doc>
<kw name="Wait Until Element Is Visible" library="SeleniumLibrary">
<arg>${RESET_BUTTON}</arg>
<doc>Waits until the element ``locator`` is visible.</doc>
<status status="PASS" starttime="20210430 10:06:58.242" endtime="20210430 10:06:58.257"/>
</kw>
<kw name="Select Element" library="BaseLogic">
<arg>${RESET_BUTTON}</arg>
<doc>Keyword responsible for the click function on an element and waiting for the element to be visible.</doc>
<kw name="Wait Until Element Is Visible" library="SeleniumLibrary">
<arg>${locator}</arg>
<doc>Waits until the element ``locator`` is visible.</doc>
<status status="PASS" starttime="20210430 10:06:58.257" endtime="20210430 10:06:58.272"/>
</kw>
<kw name="Click Element" library="SeleniumLibrary">
<arg>${locator}</arg>
<doc>Click the element identified by ``locator``.</doc>
<msg timestamp="20210430 10:06:58.273" level="INFO">Clicking element 'xpath=//div[contains(@class,'QuestionDisplay__resetButton')]/button'.</msg>
<status status="PASS" starttime="20210430 10:06:58.272" endtime="20210430 10:06:58.309"/>
</kw>
<status status="PASS" starttime="20210430 10:06:58.257" endtime="20210430 10:06:58.309"/>
</kw>
<status status="PASS" starttime="20210430 10:06:58.241" endtime="20210430 10:06:58.309"/>
</kw>
<kw name="Checkbox Should Not Be Selected" library="SeleniumLibrary">
<arg>${BOX_QUESTION_10_2}</arg>
<doc>Verifies checkbox ``locator`` is not selected/checked.</doc>
<msg timestamp="20210430 10:06:58.310" level="INFO">Verifying checkbox 'xpath=(//input)[2]' is not selected.</msg>
<status status="PASS" starttime="20210430 10:06:58.310" endtime="20210430 10:06:58.328"/>
</kw>
<kw name="Select Checkbox" library="SeleniumLibrary">
<arg>${BOX_QUESTION_10_3}</arg>
<doc>Selects the checkbox identified by ``locator``.</doc>
<msg timestamp="20210430 10:06:58.328" level="INFO">Selecting checkbox 'xpath=(//input)[3]'.</msg>
<status status="PASS" starttime="20210430 10:06:58.328" endtime="20210430 10:06:58.386"/>
</kw>
<doc>Verifies if the checkbox options are working as expected</doc>
<status status="PASS" starttime="20210430 10:06:57.732" endtime="20210430 10:06:58.386"/>
</test>
<test id="s1-t5" name="Go to the review page and submit">
<kw name="Go to the review page" library="NavigationActions">
<doc>Keyword to go to the review page</doc>
<kw name="Select Element" library="BaseLogic">
<arg>${REVIEW_BUTTON}</arg>
<doc>Keyword responsible for the click function on an element and waiting for the element to be visible.</doc>
<kw name="Wait Until Element Is Visible" library="SeleniumLibrary">
<arg>${locator}</arg>
<doc>Waits until the element ``locator`` is visible.</doc>
<status status="PASS" starttime="20210430 10:06:58.390" endtime="20210430 10:06:58.408"/>
</kw>
<kw name="Click Element" library="SeleniumLibrary">
<arg>${locator}</arg>
<doc>Click the element identified by ``locator``.</doc>
<msg timestamp="20210430 10:06:58.409" level="INFO">Clicking element 'xpath=//a[contains(@title,'Review')]'.</msg>
<status status="PASS" starttime="20210430 10:06:58.408" endtime="20210430 10:06:58.478"/>
</kw>
<status status="PASS" starttime="20210430 10:06:58.389" endtime="20210430 10:06:58.478"/>
</kw>
<status status="PASS" starttime="20210430 10:06:58.388" endtime="20210430 10:06:58.479"/>
</kw>
<status status="PASS" starttime="20210430 10:06:58.387" endtime="20210430 10:06:58.479"/>
</test>
<doc>Test Suite to verify some basic features such as select answer, persistence of the chosen answer and submission</doc>
<status status="PASS" starttime="20210430 10:06:49.335" endtime="20210430 10:06:58.481"/>
</suite>
<statistics>
<total>
<stat pass="5" fail="0" skip="0">All Tests</stat>
</total>
<tag>
</tag>
<suite>
<stat pass="5" fail="0" skip="0" id="s1" name="Full Flow Test">Full Flow Test</stat>
</suite>
</statistics>
<errors>
</errors>
</robot>
